# JRE version: OpenJDK Runtime Environment (17.0.7) (build 17.0.7+0-b2043.56-10550314)
# Java VM: OpenJDK 64-Bit Server VM (17.0.7+0-b2043.56-10550314, mixed mode, tiered, compressed oops, compressed class ptrs, g1 gc, windows-amd64)
GC Precious Log:
 CPUs: 4 total, 4 available
 Memory: 3460M
 Large Page Support: Disabled
 NUMA Support: Disabled
 Compressed Oops: Enabled (32-bit)
 Heap Region Size: 1M
 Heap Min Capacity: 8M
 Heap Initial Capacity: 56M
 Heap Max Capacity: 866M
 Pre-touch: Disabled
 Parallel Workers: 4
 Concurrent Workers: 1
 Concurrent Refinement Workers: 4
 Periodic GC: Disabled
Heap:
 garbage-first heap   total 54272K, used 36373K [0x00000000c9e00000, 0x0000000100000000)
  region size 1024K, 16 young (16384K), 1 survivors (1024K)
 Metaspace       used 43286K, committed 43520K, reserved 1114112K
  class space    used 5278K, committed 5376K, reserved 1048576K
GC Heap History (18 events):
Event: 7.345 GC heap before
{Heap before GC invocations=0 (full 0):
 garbage-first heap   total 57344K, used 17408K [0x00000000c9e00000, 0x0000000100000000)
  region size 1024K, 13 young (13312K), 0 survivors (0K)
 Metaspace       used 10522K, committed 10688K, reserved 1114112K
  class space    used 912K, committed 1024K, reserved 1048576K
}
Event: 7.507 GC heap after
{Heap after GC invocations=1 (full 0):
 garbage-first heap   total 57344K, used 6160K [0x00000000c9e00000, 0x0000000100000000)
  region size 1024K, 2 young (2048K), 2 survivors (2048K)
 Metaspace       used 10522K, committed 10688K, reserved 1114112K
  class space    used 912K, committed 1024K, reserved 1048576K
}
Event: 9.896 GC heap before
{Heap before GC invocations=1 (full 0):
 garbage-first heap   total 57344K, used 21520K [0x00000000c9e00000, 0x0000000100000000)
  region size 1024K, 18 young (18432K), 2 survivors (2048K)
 Metaspace       used 14597K, committed 14720K, reserved 1114112K
  class space    used 1457K, committed 1536K, reserved 1048576K
}
Event: 9.903 GC heap after
{Heap after GC invocations=2 (full 0):
 garbage-first heap   total 57344K, used 7831K [0x00000000c9e00000, 0x0000000100000000)
  region size 1024K, 2 young (2048K), 2 survivors (2048K)
 Metaspace       used 14597K, committed 14720K, reserved 1114112K
  class space    used 1457K, committed 1536K, reserved 1048576K
}
Event: 10.939 GC heap before
{Heap before GC invocations=2 (full 0):
 garbage-first heap   total 57344K, used 33431K [0x00000000c9e00000, 0x0000000100000000)
  region size 1024K, 28 young (28672K), 2 survivors (2048K)
 Metaspace       used 21370K, committed 21504K, reserved 1114112K
  class space    used 2330K, committed 2432K, reserved 1048576K
}
Event: 10.953 GC heap after
{Heap after GC invocations=3 (full 0):
 garbage-first heap   total 57344K, used 10615K [0x00000000c9e00000, 0x0000000100000000)
  region size 1024K, 5 young (5120K), 5 survivors (5120K)
 Metaspace       used 21370K, committed 21504K, reserved 1114112K
  class space    used 2330K, committed 2432K, reserved 1048576K
}
Event: 12.059 GC heap before
{Heap before GC invocations=4 (full 0):
 garbage-first heap   total 45056K, used 31095K [0x00000000c9e00000, 0x0000000100000000)
  region size 1024K, 26 young (26624K), 5 survivors (5120K)
 Metaspace       used 28412K, committed 28608K, reserved 1114112K
  class space    used 3500K, committed 3584K, reserved 1048576K
}
Event: 12.072 GC heap after
{Heap after GC invocations=5 (full 0):
 garbage-first heap   total 45056K, used 11594K [0x00000000c9e00000, 0x0000000100000000)
  region size 1024K, 2 young (2048K), 2 survivors (2048K)
 Metaspace       used 28412K, committed 28608K, reserved 1114112K
  class space    used 3500K, committed 3584K, reserved 1048576K
}
Event: 12.476 GC heap before
{Heap before GC invocations=5 (full 0):
 garbage-first heap   total 45056K, used 33098K [0x00000000c9e00000, 0x0000000100000000)
  region size 1024K, 21 young (21504K), 2 survivors (2048K)
 Metaspace       used 29608K, committed 29888K, reserved 1114112K
  class space    used 3653K, committed 3776K, reserved 1048576K
}
Event: 12.491 GC heap after
{Heap after GC invocations=6 (full 0):
 garbage-first heap   total 45056K, used 18525K [0x00000000c9e00000, 0x0000000100000000)
  region size 1024K, 3 young (3072K), 3 survivors (3072K)
 Metaspace       used 29608K, committed 29888K, reserved 1114112K
  class space    used 3653K, committed 3776K, reserved 1048576K
}
Event: 12.910 GC heap before
{Heap before GC invocations=6 (full 0):
 garbage-first heap   total 45056K, used 30813K [0x00000000c9e00000, 0x0000000100000000)
  region size 1024K, 16 young (16384K), 3 survivors (3072K)
 Metaspace       used 33680K, committed 33920K, reserved 1114112K
  class space    used 4301K, committed 4416K, reserved 1048576K
}
Event: 12.920 GC heap after
{Heap after GC invocations=7 (full 0):
 garbage-first heap   total 54272K, used 20093K [0x00000000c9e00000, 0x0000000100000000)
  region size 1024K, 2 young (2048K), 2 survivors (2048K)
 Metaspace       used 33680K, committed 33920K, reserved 1114112K
  class space    used 4301K, committed 4416K, reserved 1048576K
}
Event: 13.240 GC heap before
{Heap before GC invocations=7 (full 0):
 garbage-first heap   total 54272K, used 33405K [0x00000000c9e00000, 0x0000000100000000)
  region size 1024K, 16 young (16384K), 2 survivors (2048K)
 Metaspace       used 35873K, committed 36096K, reserved 1114112K
  class space    used 4555K, committed 4672K, reserved 1048576K
}
Event: 13.246 GC heap after
{Heap after GC invocations=8 (full 0):
 garbage-first heap   total 54272K, used 19362K [0x00000000c9e00000, 0x0000000100000000)
  region size 1024K, 3 young (3072K), 3 survivors (3072K)
 Metaspace       used 35873K, committed 36096K, reserved 1114112K
  class space    used 4555K, committed 4672K, reserved 1048576K
}
Event: 13.848 GC heap before
{Heap before GC invocations=9 (full 0):
 garbage-first heap   total 54272K, used 36770K [0x00000000c9e00000, 0x0000000100000000)
  region size 1024K, 21 young (21504K), 3 survivors (3072K)
 Metaspace       used 39522K, committed 39744K, reserved 1114112K
  class space    used 4871K, committed 4992K, reserved 1048576K
}
Event: 13.858 GC heap after
{Heap after GC invocations=10 (full 0):
 garbage-first heap   total 54272K, used 21376K [0x00000000c9e00000, 0x0000000100000000)
  region size 1024K, 3 young (3072K), 3 survivors (3072K)
 Metaspace       used 39522K, committed 39744K, reserved 1114112K
  class space    used 4871K, committed 4992K, reserved 1048576K
}
Event: 13.891 GC heap before
{Heap before GC invocations=10 (full 0):
 garbage-first heap   total 54272K, used 22400K [0x00000000c9e00000, 0x0000000100000000)
  region size 1024K, 4 young (4096K), 3 survivors (3072K)
 Metaspace       used 39783K, committed 40000K, reserved 1114112K
  class space    used 4893K, committed 4992K, reserved 1048576K
}
Event: 13.897 GC heap after
{Heap after GC invocations=11 (full 0):
 garbage-first heap   total 54272K, used 22037K [0x00000000c9e00000, 0x0000000100000000)
  region size 1024K, 1 young (1024K), 1 survivors (1024K)
 Metaspace       used 39783K, committed 40000K, reserved 1114112K
  class space    used 4893K, committed 4992K, reserved 1048576K
}

