# JRE version: OpenJDK Runtime Environment (17.0.7) (build 17.0.7+0-b2043.56-10550314)
# Java VM: OpenJDK 64-Bit Server VM (17.0.7+0-b2043.56-10550314, mixed mode, tiered, compressed oops, compressed class ptrs, g1 gc, windows-amd64)
GC Precious Log:
 CPUs: 4 total, 4 available
 Memory: 3460M
 Large Page Support: Disabled
 NUMA Support: Disabled
 Compressed Oops: Enabled (32-bit)
 Heap Region Size: 1M
 Heap Min Capacity: 8M
 Heap Initial Capacity: 56M
 Heap Max Capacity: 866M
 Pre-touch: Disabled
 Parallel Workers: 4
 Concurrent Workers: 1
 Concurrent Refinement Workers: 4
 Periodic GC: Disabled
Heap:
 garbage-first heap   total 96256K, used 46311K [0x00000000c9e00000, 0x0000000100000000)
  region size 1024K, 4 young (4096K), 4 survivors (4096K)
 Metaspace       used 55569K, committed 55808K, reserved 1114112K
  class space    used 6566K, committed 6656K, reserved 1048576K
GC Heap History (20 events):
Event: 6.125 GC heap after
{Heap after GC invocations=8 (full 0):
 garbage-first heap   total 49152K, used 19295K [0x00000000c9e00000, 0x0000000100000000)
  region size 1024K, 2 young (2048K), 2 survivors (2048K)
 Metaspace       used 34567K, committed 34752K, reserved 1114112K
  class space    used 4388K, committed 4480K, reserved 1048576K
}
Event: 6.482 GC heap before
{Heap before GC invocations=9 (full 0):
 garbage-first heap   total 49152K, used 33631K [0x00000000c9e00000, 0x0000000100000000)
  region size 1024K, 17 young (17408K), 2 survivors (2048K)
 Metaspace       used 37265K, committed 37440K, reserved 1114112K
  class space    used 4698K, committed 4800K, reserved 1048576K
}
Event: 6.490 GC heap after
{Heap after GC invocations=10 (full 0):
 garbage-first heap   total 49152K, used 21233K [0x00000000c9e00000, 0x0000000100000000)
  region size 1024K, 3 young (3072K), 3 survivors (3072K)
 Metaspace       used 37265K, committed 37440K, reserved 1114112K
  class space    used 4698K, committed 4800K, reserved 1048576K
}
Event: 6.509 GC heap before
{Heap before GC invocations=10 (full 0):
 garbage-first heap   total 49152K, used 21233K [0x00000000c9e00000, 0x0000000100000000)
  region size 1024K, 4 young (4096K), 3 survivors (3072K)
 Metaspace       used 37463K, committed 37632K, reserved 1114112K
  class space    used 4709K, committed 4800K, reserved 1048576K
}
Event: 6.516 GC heap after
{Heap after GC invocations=11 (full 0):
 garbage-first heap   total 49152K, used 20907K [0x00000000c9e00000, 0x0000000100000000)
  region size 1024K, 1 young (1024K), 1 survivors (1024K)
 Metaspace       used 37463K, committed 37632K, reserved 1114112K
  class space    used 4709K, committed 4800K, reserved 1048576K
}
Event: 6.943 GC heap before
{Heap before GC invocations=11 (full 0):
 garbage-first heap   total 49152K, used 34219K [0x00000000c9e00000, 0x0000000100000000)
  region size 1024K, 15 young (15360K), 1 survivors (1024K)
 Metaspace       used 40653K, committed 40896K, reserved 1114112K
  class space    used 4977K, committed 5056K, reserved 1048576K
}
Event: 6.948 GC heap after
{Heap after GC invocations=12 (full 0):
 garbage-first heap   total 49152K, used 21942K [0x00000000c9e00000, 0x0000000100000000)
  region size 1024K, 2 young (2048K), 2 survivors (2048K)
 Metaspace       used 40653K, committed 40896K, reserved 1114112K
  class space    used 4977K, committed 5056K, reserved 1048576K
}
Event: 7.467 GC heap before
{Heap before GC invocations=12 (full 0):
 garbage-first heap   total 49152K, used 36278K [0x00000000c9e00000, 0x0000000100000000)
  region size 1024K, 16 young (16384K), 2 survivors (2048K)
 Metaspace       used 44259K, committed 44544K, reserved 1114112K
  class space    used 5373K, committed 5504K, reserved 1048576K
}
Event: 7.473 GC heap after
{Heap after GC invocations=13 (full 0):
 garbage-first heap   total 49152K, used 23125K [0x00000000c9e00000, 0x0000000100000000)
  region size 1024K, 2 young (2048K), 2 survivors (2048K)
 Metaspace       used 44259K, committed 44544K, reserved 1114112K
  class space    used 5373K, committed 5504K, reserved 1048576K
}
Event: 7.883 GC heap before
{Heap before GC invocations=13 (full 0):
 garbage-first heap   total 49152K, used 36437K [0x00000000c9e00000, 0x0000000100000000)
  region size 1024K, 15 young (15360K), 2 survivors (2048K)
 Metaspace       used 47085K, committed 47296K, reserved 1114112K
  class space    used 5733K, committed 5824K, reserved 1048576K
}
Event: 7.890 GC heap after
{Heap after GC invocations=14 (full 0):
 garbage-first heap   total 96256K, used 24457K [0x00000000c9e00000, 0x0000000100000000)
  region size 1024K, 2 young (2048K), 2 survivors (2048K)
 Metaspace       used 47085K, committed 47296K, reserved 1114112K
  class space    used 5733K, committed 5824K, reserved 1048576K
}
Event: 8.933 GC heap before
{Heap before GC invocations=15 (full 0):
 garbage-first heap   total 89088K, used 71561K [0x00000000c9e00000, 0x0000000100000000)
  region size 1024K, 45 young (46080K), 2 survivors (2048K)
 Metaspace       used 50886K, committed 51072K, reserved 1114112K
  class space    used 6145K, committed 6208K, reserved 1048576K
}
Event: 8.948 GC heap after
{Heap after GC invocations=16 (full 0):
 garbage-first heap   total 89088K, used 31857K [0x00000000c9e00000, 0x0000000100000000)
  region size 1024K, 6 young (6144K), 6 survivors (6144K)
 Metaspace       used 50886K, committed 51072K, reserved 1114112K
  class space    used 6145K, committed 6208K, reserved 1048576K
}
Event: 8.951 GC heap before
{Heap before GC invocations=16 (full 0):
 garbage-first heap   total 89088K, used 32881K [0x00000000c9e00000, 0x0000000100000000)
  region size 1024K, 7 young (7168K), 6 survivors (6144K)
 Metaspace       used 50886K, committed 51072K, reserved 1114112K
  class space    used 6145K, committed 6208K, reserved 1048576K
}
Event: 8.964 GC heap after
{Heap after GC invocations=17 (full 0):
 garbage-first heap   total 89088K, used 32273K [0x00000000c9e00000, 0x0000000100000000)
  region size 1024K, 1 young (1024K), 1 survivors (1024K)
 Metaspace       used 50886K, committed 51072K, reserved 1114112K
  class space    used 6145K, committed 6208K, reserved 1048576K
}
Event: 9.435 GC heap before
{Heap before GC invocations=17 (full 0):
 garbage-first heap   total 89088K, used 65041K [0x00000000c9e00000, 0x0000000100000000)
  region size 1024K, 33 young (33792K), 1 survivors (1024K)
 Metaspace       used 52200K, committed 52480K, reserved 1114112K
  class space    used 6270K, committed 6400K, reserved 1048576K
}
Event: 9.447 GC heap after
{Heap after GC invocations=18 (full 0):
 garbage-first heap   total 89088K, used 35924K [0x00000000c9e00000, 0x0000000100000000)
  region size 1024K, 4 young (4096K), 4 survivors (4096K)
 Metaspace       used 52200K, committed 52480K, reserved 1114112K
  class space    used 6270K, committed 6400K, reserved 1048576K
}
Event: 10.576 GC heap before
{Heap before GC invocations=18 (full 0):
 garbage-first heap   total 89088K, used 66644K [0x00000000c9e00000, 0x0000000100000000)
  region size 1024K, 34 young (34816K), 4 survivors (4096K)
 Metaspace       used 53820K, committed 54080K, reserved 1114112K
  class space    used 6356K, committed 6464K, reserved 1048576K
}
Event: 10.598 GC heap after
{Heap after GC invocations=19 (full 0):
 garbage-first heap   total 89088K, used 41815K [0x00000000c9e00000, 0x0000000100000000)
  region size 1024K, 5 young (5120K), 5 survivors (5120K)
 Metaspace       used 53820K, committed 54080K, reserved 1114112K
  class space    used 6356K, committed 6464K, reserved 1048576K
}
Event: 11.482 GC heap before
{Heap before GC invocations=19 (full 0):
 garbage-first heap   total 89088K, used 68439K [0x00000000c9e00000, 0x0000000100000000)
  region size 1024K, 31 young (31744K), 5 survivors (5120K)
 Metaspace       used 55569K, committed 55808K, reserved 1114112K
  class space    used 6566K, committed 6656K, reserved 1048576K
}

