# JRE version: OpenJDK Runtime Environment (17.0.7) (build 17.0.7+0-b2043.56-10550314)
# Java VM: OpenJDK 64-Bit Server VM (17.0.7+0-b2043.56-10550314, mixed mode, tiered, compressed oops, compressed class ptrs, g1 gc, windows-amd64)
GC Precious Log:
 CPUs: 4 total, 4 available
 Memory: 3460M
 Large Page Support: Disabled
 NUMA Support: Disabled
 Compressed Oops: Enabled (32-bit)
 Heap Region Size: 1M
 Heap Min Capacity: 8M
 Heap Initial Capacity: 56M
 Heap Max Capacity: 2G
 Pre-touch: Disabled
 Parallel Workers: 4
 Concurrent Workers: 1
 Concurrent Refinement Workers: 4
 Periodic GC: Disabled
Heap:
 garbage-first heap   total 498688K, used 215918K [0x0000000080000000, 0x0000000100000000)
  region size 1024K, 101 young (103424K), 5 survivors (5120K)
 Metaspace       used 112010K, committed 112768K, reserved 1179648K
  class space    used 15185K, committed 15552K, reserved 1048576K
GC Heap History (20 events):
Event: 32.188 GC heap before
{Heap before GC invocations=45 (full 0):
 garbage-first heap   total 172032K, used 90820K [0x0000000080000000, 0x0000000100000000)
  region size 1024K, 14 young (14336K), 7 survivors (7168K)
 Metaspace       used 87046K, committed 87744K, reserved 1179648K
  class space    used 11625K, committed 11968K, reserved 1048576K
}
Event: 32.201 GC heap after
{Heap after GC invocations=46 (full 0):
 garbage-first heap   total 172032K, used 85394K [0x0000000080000000, 0x0000000100000000)
  region size 1024K, 1 young (1024K), 1 survivors (1024K)
 Metaspace       used 87046K, committed 87744K, reserved 1179648K
  class space    used 11625K, committed 11968K, reserved 1048576K
}
Event: 34.539 GC heap before
{Heap before GC invocations=47 (full 0):
 garbage-first heap   total 172032K, used 138642K [0x0000000080000000, 0x0000000100000000)
  region size 1024K, 52 young (53248K), 1 survivors (1024K)
 Metaspace       used 91149K, committed 91840K, reserved 1179648K
  class space    used 12387K, committed 12736K, reserved 1048576K
}
Event: 34.553 GC heap after
{Heap after GC invocations=48 (full 0):
 garbage-first heap   total 172032K, used 86698K [0x0000000080000000, 0x0000000100000000)
  region size 1024K, 3 young (3072K), 3 survivors (3072K)
 Metaspace       used 91149K, committed 91840K, reserved 1179648K
  class space    used 12387K, committed 12736K, reserved 1048576K
}
Event: 34.701 GC heap before
{Heap before GC invocations=48 (full 0):
 garbage-first heap   total 172032K, used 91818K [0x0000000080000000, 0x0000000100000000)
  region size 1024K, 8 young (8192K), 3 survivors (3072K)
 Metaspace       used 91511K, committed 92160K, reserved 1179648K
  class space    used 12435K, committed 12736K, reserved 1048576K
}
Event: 34.709 GC heap after
{Heap after GC invocations=49 (full 0):
 garbage-first heap   total 172032K, used 86703K [0x0000000080000000, 0x0000000100000000)
  region size 1024K, 1 young (1024K), 1 survivors (1024K)
 Metaspace       used 91511K, committed 92160K, reserved 1179648K
  class space    used 12435K, committed 12736K, reserved 1048576K
}
Event: 39.331 GC heap before
{Heap before GC invocations=49 (full 0):
 garbage-first heap   total 172032K, used 139951K [0x0000000080000000, 0x0000000100000000)
  region size 1024K, 53 young (54272K), 1 survivors (1024K)
 Metaspace       used 95723K, committed 96384K, reserved 1179648K
  class space    used 13063K, committed 13376K, reserved 1048576K
}
Event: 39.358 GC heap after
{Heap after GC invocations=50 (full 0):
 garbage-first heap   total 172032K, used 89371K [0x0000000080000000, 0x0000000100000000)
  region size 1024K, 4 young (4096K), 4 survivors (4096K)
 Metaspace       used 95723K, committed 96384K, reserved 1179648K
  class space    used 13063K, committed 13376K, reserved 1048576K
}
Event: 41.668 GC heap before
{Heap before GC invocations=51 (full 0):
 garbage-first heap   total 172032K, used 140571K [0x0000000080000000, 0x0000000100000000)
  region size 1024K, 54 young (55296K), 4 survivors (4096K)
 Metaspace       used 100728K, committed 101440K, reserved 1179648K
  class space    used 13787K, committed 14144K, reserved 1048576K
}
Event: 41.682 GC heap after
{Heap after GC invocations=52 (full 0):
 garbage-first heap   total 172032K, used 91826K [0x0000000080000000, 0x0000000100000000)
  region size 1024K, 6 young (6144K), 6 survivors (6144K)
 Metaspace       used 100728K, committed 101440K, reserved 1179648K
  class space    used 13787K, committed 14144K, reserved 1048576K
}
Event: 41.756 GC heap before
{Heap before GC invocations=52 (full 0):
 garbage-first heap   total 172032K, used 92850K [0x0000000080000000, 0x0000000100000000)
  region size 1024K, 8 young (8192K), 6 survivors (6144K)
 Metaspace       used 100906K, committed 101568K, reserved 1179648K
  class space    used 13808K, committed 14144K, reserved 1048576K
}
Event: 41.769 GC heap after
{Heap after GC invocations=53 (full 0):
 garbage-first heap   total 172032K, used 91879K [0x0000000080000000, 0x0000000100000000)
  region size 1024K, 1 young (1024K), 1 survivors (1024K)
 Metaspace       used 100906K, committed 101568K, reserved 1179648K
  class space    used 13808K, committed 14144K, reserved 1048576K
}
Event: 43.487 GC heap before
{Heap before GC invocations=53 (full 0):
 garbage-first heap   total 172032K, used 142055K [0x0000000080000000, 0x0000000100000000)
  region size 1024K, 50 young (51200K), 1 survivors (1024K)
 Metaspace       used 103136K, committed 103808K, reserved 1179648K
  class space    used 14127K, committed 14464K, reserved 1048576K
}
Event: 43.516 GC heap after
{Heap after GC invocations=54 (full 0):
 garbage-first heap   total 172032K, used 96360K [0x0000000080000000, 0x0000000100000000)
  region size 1024K, 6 young (6144K), 6 survivors (6144K)
 Metaspace       used 103136K, committed 103808K, reserved 1179648K
  class space    used 14127K, committed 14464K, reserved 1048576K
}
Event: 44.348 GC heap before
{Heap before GC invocations=55 (full 0):
 garbage-first heap   total 178176K, used 139368K [0x0000000080000000, 0x0000000100000000)
  region size 1024K, 49 young (50176K), 6 survivors (6144K)
 Metaspace       used 103687K, committed 104384K, reserved 1179648K
  class space    used 14168K, committed 14528K, reserved 1048576K
}
Event: 44.374 GC heap after
{Heap after GC invocations=56 (full 0):
 garbage-first heap   total 178176K, used 103869K [0x0000000080000000, 0x0000000100000000)
  region size 1024K, 7 young (7168K), 7 survivors (7168K)
 Metaspace       used 103687K, committed 104384K, reserved 1179648K
  class space    used 14168K, committed 14528K, reserved 1048576K
}
Event: 44.379 GC heap before
{Heap before GC invocations=56 (full 0):
 garbage-first heap   total 178176K, used 104893K [0x0000000080000000, 0x0000000100000000)
  region size 1024K, 8 young (8192K), 7 survivors (7168K)
 Metaspace       used 103698K, committed 104384K, reserved 1179648K
  class space    used 14168K, committed 14528K, reserved 1048576K
}
Event: 44.394 GC heap after
{Heap after GC invocations=57 (full 0):
 garbage-first heap   total 178176K, used 104663K [0x0000000080000000, 0x0000000100000000)
  region size 1024K, 1 young (1024K), 1 survivors (1024K)
 Metaspace       used 103698K, committed 104384K, reserved 1179648K
  class space    used 14168K, committed 14528K, reserved 1048576K
}
Event: 48.370 GC heap before
{Heap before GC invocations=57 (full 0):
 garbage-first heap   total 178176K, used 148695K [0x0000000080000000, 0x0000000100000000)
  region size 1024K, 40 young (40960K), 1 survivors (1024K)
 Metaspace       used 106775K, committed 107520K, reserved 1179648K
  class space    used 14544K, committed 14912K, reserved 1048576K
}
Event: 48.394 GC heap after
{Heap after GC invocations=58 (full 0):
 garbage-first heap   total 498688K, used 109422K [0x0000000080000000, 0x0000000100000000)
  region size 1024K, 5 young (5120K), 5 survivors (5120K)
 Metaspace       used 106775K, committed 107520K, reserved 1179648K
  class space    used 14544K, committed 14912K, reserved 1048576K
}

