# JRE version: OpenJDK Runtime Environment (17.0.7) (build 17.0.7+0-b2043.56-10550314)
# Java VM: OpenJDK 64-Bit Server VM (17.0.7+0-b2043.56-10550314, mixed mode, tiered, compressed oops, compressed class ptrs, g1 gc, windows-amd64)
GC Precious Log:
 CPUs: 4 total, 4 available
 Memory: 3460M
 Large Page Support: Disabled
 NUMA Support: Disabled
 Compressed Oops: Enabled (32-bit)
 Heap Region Size: 1M
 Heap Min Capacity: 8M
 Heap Initial Capacity: 56M
 Heap Max Capacity: 2G
 Pre-touch: Disabled
 Parallel Workers: 4
 Concurrent Workers: 1
 Concurrent Refinement Workers: 4
 Periodic GC: Disabled
Heap:
 garbage-first heap   total 256000K, used 143133K [0x0000000080000000, 0x0000000100000000)
  region size 1024K, 1 young (1024K), 1 survivors (1024K)
 Metaspace       used 117557K, committed 118592K, reserved 1179648K
  class space    used 15542K, committed 16064K, reserved 1048576K
GC Heap History (20 events):
Event: 142.785 GC heap after
{Heap after GC invocations=62 (full 0):
 garbage-first heap   total 245760K, used 126885K [0x0000000080000000, 0x0000000100000000)
  region size 1024K, 2 young (2048K), 2 survivors (2048K)
 Metaspace       used 115613K, committed 116544K, reserved 1179648K
  class space    used 15499K, committed 15936K, reserved 1048576K
}
Event: 151.460 GC heap before
{Heap before GC invocations=62 (full 0):
 garbage-first heap   total 245760K, used 201637K [0x0000000080000000, 0x0000000100000000)
  region size 1024K, 76 young (77824K), 2 survivors (2048K)
 Metaspace       used 116327K, committed 117248K, reserved 1179648K
  class space    used 15516K, committed 16000K, reserved 1048576K
}
Event: 151.556 GC heap after
{Heap after GC invocations=63 (full 0):
 garbage-first heap   total 245760K, used 134922K [0x0000000080000000, 0x0000000100000000)
  region size 1024K, 10 young (10240K), 10 survivors (10240K)
 Metaspace       used 116327K, committed 117248K, reserved 1179648K
  class space    used 15516K, committed 16000K, reserved 1048576K
}
Event: 1847.653 GC heap before
{Heap before GC invocations=64 (full 0):
 garbage-first heap   total 245760K, used 200458K [0x0000000080000000, 0x0000000100000000)
  region size 1024K, 75 young (76800K), 10 survivors (10240K)
 Metaspace       used 116765K, committed 117696K, reserved 1179648K
  class space    used 15530K, committed 16000K, reserved 1048576K
}
Event: 1847.921 GC heap after
{Heap after GC invocations=65 (full 0):
 garbage-first heap   total 245760K, used 135790K [0x0000000080000000, 0x0000000100000000)
  region size 1024K, 2 young (2048K), 2 survivors (2048K)
 Metaspace       used 116765K, committed 117696K, reserved 1179648K
  class space    used 15530K, committed 16000K, reserved 1048576K
}
Event: 1976.766 GC heap before
{Heap before GC invocations=65 (full 0):
 garbage-first heap   total 245760K, used 146030K [0x0000000080000000, 0x0000000100000000)
  region size 1024K, 12 young (12288K), 2 survivors (2048K)
 Metaspace       used 116839K, committed 117760K, reserved 1179648K
  class space    used 15542K, committed 16000K, reserved 1048576K
}
Event: 1976.971 GC heap after
{Heap after GC invocations=66 (full 0):
 garbage-first heap   total 245760K, used 135300K [0x0000000080000000, 0x0000000100000000)
  region size 1024K, 2 young (2048K), 2 survivors (2048K)
 Metaspace       used 116839K, committed 117760K, reserved 1179648K
  class space    used 15542K, committed 16000K, reserved 1048576K
}
Event: 1984.003 GC heap before
{Heap before GC invocations=66 (full 0):
 garbage-first heap   total 245760K, used 203908K [0x0000000080000000, 0x0000000100000000)
  region size 1024K, 70 young (71680K), 2 survivors (2048K)
 Metaspace       used 117212K, committed 118144K, reserved 1179648K
  class space    used 15551K, committed 16000K, reserved 1048576K
}
Event: 1984.067 GC heap after
{Heap after GC invocations=67 (full 0):
 garbage-first heap   total 245760K, used 143954K [0x0000000080000000, 0x0000000100000000)
  region size 1024K, 9 young (9216K), 9 survivors (9216K)
 Metaspace       used 117212K, committed 118144K, reserved 1179648K
  class space    used 15551K, committed 16000K, reserved 1048576K
}
Event: 2555.949 GC heap before
{Heap before GC invocations=67 (full 0):
 garbage-first heap   total 245760K, used 196178K [0x0000000080000000, 0x0000000100000000)
  region size 1024K, 61 young (62464K), 9 survivors (9216K)
 Metaspace       used 117409K, committed 118400K, reserved 1179648K
  class space    used 15566K, committed 16064K, reserved 1048576K
}
Event: 2556.329 GC heap after
{Heap after GC invocations=68 (full 0):
 garbage-first heap   total 245760K, used 145315K [0x0000000080000000, 0x0000000100000000)
  region size 1024K, 3 young (3072K), 3 survivors (3072K)
 Metaspace       used 117409K, committed 118400K, reserved 1179648K
  class space    used 15566K, committed 16064K, reserved 1048576K
}
Event: 2573.520 GC heap before
{Heap before GC invocations=69 (full 0):
 garbage-first heap   total 256000K, used 200611K [0x0000000080000000, 0x0000000100000000)
  region size 1024K, 59 young (60416K), 3 survivors (3072K)
 Metaspace       used 117353K, committed 118400K, reserved 1179648K
  class space    used 15512K, committed 16064K, reserved 1048576K
}
Event: 2573.803 GC heap after
{Heap after GC invocations=70 (full 0):
 garbage-first heap   total 256000K, used 151151K [0x0000000080000000, 0x0000000100000000)
  region size 1024K, 8 young (8192K), 8 survivors (8192K)
 Metaspace       used 117353K, committed 118400K, reserved 1179648K
  class space    used 15512K, committed 16064K, reserved 1048576K
}
Event: 2575.579 GC heap before
{Heap before GC invocations=70 (full 0):
 garbage-first heap   total 256000K, used 155247K [0x0000000080000000, 0x0000000100000000)
  region size 1024K, 12 young (12288K), 8 survivors (8192K)
 Metaspace       used 117407K, committed 118400K, reserved 1179648K
  class space    used 15525K, committed 16064K, reserved 1048576K
}
Event: 2575.725 GC heap after
{Heap after GC invocations=71 (full 0):
 garbage-first heap   total 256000K, used 147897K [0x0000000080000000, 0x0000000100000000)
  region size 1024K, 2 young (2048K), 2 survivors (2048K)
 Metaspace       used 117407K, committed 118400K, reserved 1179648K
  class space    used 15525K, committed 16064K, reserved 1048576K
}
Event: 2577.786 GC heap before
{Heap before GC invocations=71 (full 0):
 garbage-first heap   total 256000K, used 158137K [0x0000000080000000, 0x0000000100000000)
  region size 1024K, 12 young (12288K), 2 survivors (2048K)
 Metaspace       used 117435K, committed 118400K, reserved 1179648K
  class space    used 15529K, committed 16064K, reserved 1048576K
}
Event: 2577.941 GC heap after
{Heap after GC invocations=72 (full 0):
 garbage-first heap   total 256000K, used 145684K [0x0000000080000000, 0x0000000100000000)
  region size 1024K, 2 young (2048K), 2 survivors (2048K)
 Metaspace       used 117435K, committed 118400K, reserved 1179648K
  class space    used 15529K, committed 16064K, reserved 1048576K
}
Event: 2586.192 GC heap before
{Heap before GC invocations=72 (full 0):
 garbage-first heap   total 256000K, used 154900K [0x0000000080000000, 0x0000000100000000)
  region size 1024K, 12 young (12288K), 2 survivors (2048K)
 Metaspace       used 117473K, committed 118400K, reserved 1179648K
  class space    used 15533K, committed 16064K, reserved 1048576K
}
Event: 2586.777 GC heap after
{Heap after GC invocations=73 (full 0):
 garbage-first heap   total 256000K, used 143973K [0x0000000080000000, 0x0000000100000000)
  region size 1024K, 2 young (2048K), 2 survivors (2048K)
 Metaspace       used 117473K, committed 118400K, reserved 1179648K
  class space    used 15533K, committed 16064K, reserved 1048576K
}
Event: 2621.980 GC heap before
{Heap before GC invocations=73 (full 0):
 garbage-first heap   total 256000K, used 153189K [0x0000000080000000, 0x0000000100000000)
  region size 1024K, 12 young (12288K), 2 survivors (2048K)
 Metaspace       used 117557K, committed 118592K, reserved 1179648K
  class space    used 15542K, committed 16064K, reserved 1048576K
}

