# JRE version: OpenJDK Runtime Environment (17.0.7) (build 17.0.7+0-b2043.56-10550314)
# Java VM: OpenJDK 64-Bit Server VM (17.0.7+0-b2043.56-10550314, mixed mode, tiered, compressed oops, compressed class ptrs, g1 gc, windows-amd64)
GC Precious Log:
 CPUs: 4 total, 4 available
 Memory: 3460M
 Large Page Support: Disabled
 NUMA Support: Disabled
 Compressed Oops: Enabled (32-bit)
 Heap Region Size: 1M
 Heap Min Capacity: 8M
 Heap Initial Capacity: 56M
 Heap Max Capacity: 2G
 Pre-touch: Disabled
 Parallel Workers: 4
 Concurrent Workers: 1
 Concurrent Refinement Workers: 4
 Periodic GC: Disabled
Heap:
 garbage-first heap   total 403456K, used 155970K [0x0000000080000000, 0x0000000100000000)
  region size 1024K, 11 young (11264K), 5 survivors (5120K)
 Metaspace       used 139986K, committed 140992K, reserved 1179648K
  class space    used 18574K, committed 19072K, reserved 1048576K
GC Heap History (20 events):
Event: 190.050 GC heap before
{Heap before GC invocations=48 (full 0):
 garbage-first heap   total 266240K, used 220263K [0x0000000080000000, 0x0000000100000000)
  region size 1024K, 106 young (108544K), 5 survivors (5120K)
 Metaspace       used 120023K, committed 120896K, reserved 1179648K
  class space    used 15839K, committed 16256K, reserved 1048576K
}
Event: 190.235 GC heap after
{Heap after GC invocations=49 (full 0):
 garbage-first heap   total 266240K, used 119022K [0x0000000080000000, 0x0000000100000000)
  region size 1024K, 7 young (7168K), 7 survivors (7168K)
 Metaspace       used 120023K, committed 120896K, reserved 1179648K
  class space    used 15839K, committed 16256K, reserved 1048576K
}
Event: 191.194 GC heap before
{Heap before GC invocations=49 (full 0):
 garbage-first heap   total 266240K, used 124142K [0x0000000080000000, 0x0000000100000000)
  region size 1024K, 13 young (13312K), 7 survivors (7168K)
 Metaspace       used 120030K, committed 120896K, reserved 1179648K
  class space    used 15839K, committed 16256K, reserved 1048576K
}
Event: 191.255 GC heap after
{Heap after GC invocations=50 (full 0):
 garbage-first heap   total 266240K, used 118492K [0x0000000080000000, 0x0000000100000000)
  region size 1024K, 2 young (2048K), 2 survivors (2048K)
 Metaspace       used 120030K, committed 120896K, reserved 1179648K
  class space    used 15839K, committed 16256K, reserved 1048576K
}
Event: 576.399 GC heap before
{Heap before GC invocations=50 (full 0):
 garbage-first heap   total 266240K, used 221916K [0x0000000080000000, 0x0000000100000000)
  region size 1024K, 103 young (105472K), 2 survivors (2048K)
 Metaspace       used 120538K, committed 121472K, reserved 1179648K
  class space    used 15867K, committed 16320K, reserved 1048576K
}
Event: 576.654 GC heap after
{Heap after GC invocations=51 (full 0):
 garbage-first heap   total 266240K, used 127451K [0x0000000080000000, 0x0000000100000000)
  region size 1024K, 11 young (11264K), 11 survivors (11264K)
 Metaspace       used 120538K, committed 121472K, reserved 1179648K
  class space    used 15867K, committed 16320K, reserved 1048576K
}
Event: 579.087 GC heap before
{Heap before GC invocations=51 (full 0):
 garbage-first heap   total 266240K, used 180699K [0x0000000080000000, 0x0000000100000000)
  region size 1024K, 63 young (64512K), 11 survivors (11264K)
 Metaspace       used 122002K, committed 122944K, reserved 1179648K
  class space    used 16067K, committed 16512K, reserved 1048576K
}
Event: 579.169 GC heap after
{Heap after GC invocations=52 (full 0):
 garbage-first heap   total 266240K, used 134176K [0x0000000080000000, 0x0000000100000000)
  region size 1024K, 7 young (7168K), 7 survivors (7168K)
 Metaspace       used 122002K, committed 122944K, reserved 1179648K
  class space    used 16067K, committed 16512K, reserved 1048576K
}
Event: 582.680 GC heap before
{Heap before GC invocations=52 (full 0):
 garbage-first heap   total 266240K, used 216096K [0x0000000080000000, 0x0000000100000000)
  region size 1024K, 88 young (90112K), 7 survivors (7168K)
 Metaspace       used 122376K, committed 123328K, reserved 1179648K
  class space    used 16092K, committed 16576K, reserved 1048576K
}
Event: 582.735 GC heap after
{Heap after GC invocations=53 (full 0):
 garbage-first heap   total 266240K, used 142329K [0x0000000080000000, 0x0000000100000000)
  region size 1024K, 8 young (8192K), 8 survivors (8192K)
 Metaspace       used 122376K, committed 123328K, reserved 1179648K
  class space    used 16092K, committed 16576K, reserved 1048576K
}
Event: 600.628 GC heap before
{Heap before GC invocations=54 (full 0):
 garbage-first heap   total 266240K, used 218105K [0x0000000080000000, 0x0000000100000000)
  region size 1024K, 84 young (86016K), 8 survivors (8192K)
 Metaspace       used 125608K, committed 126592K, reserved 1179648K
  class space    used 16525K, committed 17024K, reserved 1048576K
}
Event: 600.760 GC heap after
{Heap after GC invocations=55 (full 0):
 garbage-first heap   total 266240K, used 147463K [0x0000000080000000, 0x0000000100000000)
  region size 1024K, 7 young (7168K), 7 survivors (7168K)
 Metaspace       used 125608K, committed 126592K, reserved 1179648K
  class space    used 16525K, committed 17024K, reserved 1048576K
}
Event: 601.098 GC heap before
{Heap before GC invocations=55 (full 0):
 garbage-first heap   total 266240K, used 152583K [0x0000000080000000, 0x0000000100000000)
  region size 1024K, 13 young (13312K), 7 survivors (7168K)
 Metaspace       used 125859K, committed 126784K, reserved 1179648K
  class space    used 16566K, committed 17024K, reserved 1048576K
}
Event: 601.161 GC heap after
{Heap after GC invocations=56 (full 0):
 garbage-first heap   total 266240K, used 140646K [0x0000000080000000, 0x0000000100000000)
  region size 1024K, 2 young (2048K), 2 survivors (2048K)
 Metaspace       used 125859K, committed 126784K, reserved 1179648K
  class space    used 16566K, committed 17024K, reserved 1048576K
}
Event: 602.563 GC heap before
{Heap before GC invocations=56 (full 0):
 garbage-first heap   total 266240K, used 217446K [0x0000000080000000, 0x0000000100000000)
  region size 1024K, 78 young (79872K), 2 survivors (2048K)
 Metaspace       used 130446K, committed 131456K, reserved 1179648K
  class space    used 17233K, committed 17728K, reserved 1048576K
}
Event: 602.595 GC heap after
{Heap after GC invocations=57 (full 0):
 garbage-first heap   total 266240K, used 150528K [0x0000000080000000, 0x0000000100000000)
  region size 1024K, 10 young (10240K), 10 survivors (10240K)
 Metaspace       used 130446K, committed 131456K, reserved 1179648K
  class space    used 17233K, committed 17728K, reserved 1048576K
}
Event: 603.859 GC heap before
{Heap before GC invocations=57 (full 0):
 garbage-first heap   total 266240K, used 218112K [0x0000000080000000, 0x0000000100000000)
  region size 1024K, 77 young (78848K), 10 survivors (10240K)
 Metaspace       used 136994K, committed 137984K, reserved 1179648K
  class space    used 18262K, committed 18752K, reserved 1048576K
}
Event: 603.890 GC heap after
{Heap after GC invocations=58 (full 0):
 garbage-first heap   total 266240K, used 150403K [0x0000000080000000, 0x0000000100000000)
  region size 1024K, 4 young (4096K), 4 survivors (4096K)
 Metaspace       used 136994K, committed 137984K, reserved 1179648K
  class space    used 18262K, committed 18752K, reserved 1048576K
}
Event: 605.408 GC heap before
{Heap before GC invocations=58 (full 0):
 garbage-first heap   total 266240K, used 220035K [0x0000000080000000, 0x0000000100000000)
  region size 1024K, 73 young (74752K), 4 survivors (4096K)
 Metaspace       used 139959K, committed 140992K, reserved 1179648K
  class space    used 18574K, committed 19072K, reserved 1048576K
}
Event: 605.430 GC heap after
{Heap after GC invocations=59 (full 0):
 garbage-first heap   total 403456K, used 150850K [0x0000000080000000, 0x0000000100000000)
  region size 1024K, 5 young (5120K), 5 survivors (5120K)
 Metaspace       used 139959K, committed 140992K, reserved 1179648K
  class space    used 18574K, committed 19072K, reserved 1048576K
}

