# JRE version: OpenJDK Runtime Environment (17.0.7) (build 17.0.7+0-b2043.56-10550314)
# Java VM: OpenJDK 64-Bit Server VM (17.0.7+0-b2043.56-10550314, mixed mode, tiered, compressed oops, compressed class ptrs, g1 gc, windows-amd64)
GC Precious Log:
 CPUs: 4 total, 4 available
 Memory: 3460M
 Large Page Support: Disabled
 NUMA Support: Disabled
 Compressed Oops: Enabled (32-bit)
 Heap Region Size: 1M
 Heap Min Capacity: 8M
 Heap Initial Capacity: 56M
 Heap Max Capacity: 2G
 Pre-touch: Disabled
 Parallel Workers: 4
 Concurrent Workers: 1
 Concurrent Refinement Workers: 4
 Periodic GC: Disabled
Heap:
 garbage-first heap   total 260096K, used 135547K [0x0000000080000000, 0x0000000100000000)
  region size 1024K, 3 young (3072K), 3 survivors (3072K)
 Metaspace       used 110881K, committed 111616K, reserved 1179648K
  class space    used 14816K, committed 15168K, reserved 1048576K
GC Heap History (20 events):
Event: 24.658 GC heap after
{Heap after GC invocations=38 (full 0):
 garbage-first heap   total 260096K, used 75351K [0x0000000080000000, 0x0000000100000000)
  region size 1024K, 1 young (1024K), 1 survivors (1024K)
 Metaspace       used 75223K, committed 75904K, reserved 1179648K
  class space    used 10044K, committed 10368K, reserved 1048576K
}
Event: 27.688 GC heap before
{Heap before GC invocations=38 (full 0):
 garbage-first heap   total 260096K, used 167511K [0x0000000080000000, 0x0000000100000000)
  region size 1024K, 93 young (95232K), 1 survivors (1024K)
 Metaspace       used 81369K, committed 82048K, reserved 1179648K
  class space    used 10892K, committed 11200K, reserved 1048576K
}
Event: 27.706 GC heap after
{Heap after GC invocations=39 (full 0):
 garbage-first heap   total 260096K, used 81687K [0x0000000080000000, 0x0000000100000000)
  region size 1024K, 7 young (7168K), 7 survivors (7168K)
 Metaspace       used 81369K, committed 82048K, reserved 1179648K
  class space    used 10892K, committed 11200K, reserved 1048576K
}
Event: 35.810 GC heap before
{Heap before GC invocations=40 (full 0):
 garbage-first heap   total 260096K, used 197399K [0x0000000080000000, 0x0000000100000000)
  region size 1024K, 119 young (121856K), 7 survivors (7168K)
 Metaspace       used 90387K, committed 91008K, reserved 1179648K
  class space    used 12372K, committed 12672K, reserved 1048576K
}
Event: 35.859 GC heap after
{Heap after GC invocations=41 (full 0):
 garbage-first heap   total 260096K, used 87142K [0x0000000080000000, 0x0000000100000000)
  region size 1024K, 12 young (12288K), 12 survivors (12288K)
 Metaspace       used 90387K, committed 91008K, reserved 1179648K
  class space    used 12372K, committed 12672K, reserved 1048576K
}
Event: 35.899 GC heap before
{Heap before GC invocations=41 (full 0):
 garbage-first heap   total 260096K, used 88166K [0x0000000080000000, 0x0000000100000000)
  region size 1024K, 13 young (13312K), 12 survivors (12288K)
 Metaspace       used 90473K, committed 91072K, reserved 1179648K
  class space    used 12389K, committed 12672K, reserved 1048576K
}
Event: 35.984 GC heap after
{Heap after GC invocations=42 (full 0):
 garbage-first heap   total 260096K, used 87502K [0x0000000080000000, 0x0000000100000000)
  region size 1024K, 2 young (2048K), 2 survivors (2048K)
 Metaspace       used 90473K, committed 91072K, reserved 1179648K
  class space    used 12389K, committed 12672K, reserved 1048576K
}
Event: 39.593 GC heap before
{Heap before GC invocations=42 (full 0):
 garbage-first heap   total 260096K, used 202190K [0x0000000080000000, 0x0000000100000000)
  region size 1024K, 114 young (116736K), 2 survivors (2048K)
 Metaspace       used 97628K, committed 98304K, reserved 1179648K
  class space    used 13400K, committed 13696K, reserved 1048576K
}
Event: 39.623 GC heap after
{Heap after GC invocations=43 (full 0):
 garbage-first heap   total 260096K, used 95827K [0x0000000080000000, 0x0000000100000000)
  region size 1024K, 10 young (10240K), 10 survivors (10240K)
 Metaspace       used 97628K, committed 98304K, reserved 1179648K
  class space    used 13400K, committed 13696K, reserved 1048576K
}
Event: 46.372 GC heap before
{Heap before GC invocations=44 (full 0):
 garbage-first heap   total 260096K, used 207443K [0x0000000080000000, 0x0000000100000000)
  region size 1024K, 115 young (117760K), 10 survivors (10240K)
 Metaspace       used 101975K, committed 102720K, reserved 1179648K
  class space    used 13931K, committed 14272K, reserved 1048576K
}
Event: 46.455 GC heap after
{Heap after GC invocations=45 (full 0):
 garbage-first heap   total 260096K, used 109750K [0x0000000080000000, 0x0000000100000000)
  region size 1024K, 14 young (14336K), 14 survivors (14336K)
 Metaspace       used 101975K, committed 102720K, reserved 1179648K
  class space    used 13931K, committed 14272K, reserved 1048576K
}
Event: 46.493 GC heap before
{Heap before GC invocations=45 (full 0):
 garbage-first heap   total 260096K, used 109750K [0x0000000080000000, 0x0000000100000000)
  region size 1024K, 15 young (15360K), 14 survivors (14336K)
 Metaspace       used 102068K, committed 102784K, reserved 1179648K
  class space    used 13941K, committed 14272K, reserved 1048576K
}
Event: 46.546 GC heap after
{Heap after GC invocations=46 (full 0):
 garbage-first heap   total 260096K, used 110964K [0x0000000080000000, 0x0000000100000000)
  region size 1024K, 2 young (2048K), 2 survivors (2048K)
 Metaspace       used 102068K, committed 102784K, reserved 1179648K
  class space    used 13941K, committed 14272K, reserved 1048576K
}
Event: 51.494 GC heap before
{Heap before GC invocations=46 (full 0):
 garbage-first heap   total 260096K, used 199028K [0x0000000080000000, 0x0000000100000000)
  region size 1024K, 90 young (92160K), 2 survivors (2048K)
 Metaspace       used 105227K, committed 105984K, reserved 1179648K
  class space    used 14270K, committed 14656K, reserved 1048576K
}
Event: 51.535 GC heap after
{Heap after GC invocations=47 (full 0):
 garbage-first heap   total 260096K, used 126464K [0x0000000080000000, 0x0000000100000000)
  region size 1024K, 12 young (12288K), 12 survivors (12288K)
 Metaspace       used 105227K, committed 105984K, reserved 1179648K
  class space    used 14270K, committed 14656K, reserved 1048576K
}
Event: 54.856 GC heap before
{Heap before GC invocations=48 (full 0):
 garbage-first heap   total 260096K, used 209408K [0x0000000080000000, 0x0000000100000000)
  region size 1024K, 86 young (88064K), 12 survivors (12288K)
 Metaspace       used 109247K, committed 109952K, reserved 1179648K
  class space    used 14626K, committed 14976K, reserved 1048576K
}
Event: 54.903 GC heap after
{Heap after GC invocations=49 (full 0):
 garbage-first heap   total 260096K, used 133649K [0x0000000080000000, 0x0000000100000000)
  region size 1024K, 7 young (7168K), 7 survivors (7168K)
 Metaspace       used 109247K, committed 109952K, reserved 1179648K
  class space    used 14626K, committed 14976K, reserved 1048576K
}
Event: 55.034 GC heap before
{Heap before GC invocations=49 (full 0):
 garbage-first heap   total 260096K, used 138769K [0x0000000080000000, 0x0000000100000000)
  region size 1024K, 12 young (12288K), 7 survivors (7168K)
 Metaspace       used 109248K, committed 109952K, reserved 1179648K
  class space    used 14626K, committed 14976K, reserved 1048576K
}
Event: 55.050 GC heap after
{Heap after GC invocations=50 (full 0):
 garbage-first heap   total 260096K, used 133994K [0x0000000080000000, 0x0000000100000000)
  region size 1024K, 2 young (2048K), 2 survivors (2048K)
 Metaspace       used 109248K, committed 109952K, reserved 1179648K
  class space    used 14626K, committed 14976K, reserved 1048576K
}
Event: 58.543 GC heap before
{Heap before GC invocations=50 (full 0):
 garbage-first heap   total 260096K, used 203626K [0x0000000080000000, 0x0000000100000000)
  region size 1024K, 71 young (72704K), 2 survivors (2048K)
 Metaspace       used 110881K, committed 111616K, reserved 1179648K
  class space    used 14816K, committed 15168K, reserved 1048576K
}

